<?xml version="1.0" encoding="UTF-8"?>
<!-- Generated by org.testng.reporters.JUnitReportReporter -->
<testsuite skipped="0" hostname="DESKTOP-UKUGQ41" name="com.parameter.parameter" tests="1" failures="0" timestamp="23 May 2018 19:46:55 GMT" time="7.538" errors="0">
  <testcase name="gmail" time="7.538" classname="com.parameter.parameter"/>
</testsuite> <!-- com.parameter.parameter -->
