<?xml version="1.0" encoding="UTF-8"?>
<!-- Generated by org.testng.reporters.JUnitReportReporter -->
<testsuite skipped="0" hostname="DESKTOP-UKUGQ41" name="com.test.infiniteloop" tests="1" failures="0" timestamp="23 May 2018 18:36:53 GMT" time="0.018" errors="0">
  <testcase name="expect" time="0.018" classname="com.test.infiniteloop"/>
</testsuite> <!-- com.test.infiniteloop -->
