<?xml version="1.0" encoding="UTF-8"?>
<!-- Generated by org.testng.reporters.JUnitReportReporter -->
<testsuite skipped="0" hostname="DESKTOP-UKUGQ41" name="com.test.InvocationCountTest" tests="7" failures="0" timestamp="23 May 2018 18:37:53 GMT" time="0.025" errors="0">
  <testcase name="Inb" time="0.017" classname="com.test.InvocationCountTest"/>
  <testcase name="Inb" time="0.001" classname="com.test.InvocationCountTest"/>
  <testcase name="Inb" time="0.002" classname="com.test.InvocationCountTest"/>
  <testcase name="Inb" time="0.001" classname="com.test.InvocationCountTest"/>
  <testcase name="Inb" time="0.002" classname="com.test.InvocationCountTest"/>
  <testcase name="Inb" time="0.001" classname="com.test.InvocationCountTest"/>
  <testcase name="Inb" time="0.001" classname="com.test.InvocationCountTest"/>
</testsuite> <!-- com.test.InvocationCountTest -->
