<?xml version="1.0" encoding="UTF-8"?>
<!-- Generated by org.testng.reporters.JUnitReportReporter -->
<testsuite skipped="0" hostname="DESKTOP-UKUGQ41" name="com.test.Googletest" tests="2" failures="0" timestamp="23 May 2018 18:37:53 GMT" time="15.111" errors="0">
  <testcase name="GooglelogoTest" time="7.716" classname="com.test.Googletest"/>
  <testcase name="Googletitletest" time="7.395" classname="com.test.Googletest"/>
</testsuite> <!-- com.test.Googletest -->
